<?xml version="1.0" encoding="UTF-8"?>
<!-- Generated by org.testng.reporters.JUnitReportReporter -->
<testsuite hostname="DESKTOP-G02Q5JM" failures="0" tests="2" name="pack.Login" time="12.534" errors="0" timestamp="2024-02-16T20:05:22 IST" skipped="0">
  <testcase classname="pack.Login" name="launchPage" time="1.878"/>
  <system-out/>
  <testcase classname="pack.Login" name="verifyLogin" time="10.656"/>
  <system-out/>
</testsuite> <!-- pack.Login -->
