<?xml version="1.0" encoding="UTF-8"?>
<!-- Generated by org.testng.reporters.JUnitReportReporter -->
<testsuite hostname="DESKTOP-G02Q5JM" failures="0" tests="1" name="pack.Pim" time="9.044" errors="0" timestamp="2024-02-16T20:05:22 IST" skipped="0">
  <testcase classname="pack.Pim" name="verifyPim" time="9.044"/>
  <system-out/>
</testsuite> <!-- pack.Pim -->
