<?xml version="1.0" encoding="UTF-8"?>
<!-- Generated by org.testng.reporters.JUnitReportReporter -->
<testsuite hostname="ADDJ" failures="0" tests="1" name="HRMpack.webdriver" time="5.264" errors="0" timestamp="2024-02-28T22:11:38 IST" skipped="0">
  <testcase classname="HRMpack.webdriver" name="initialize" time="5.264"/>
  <system-out/>
</testsuite> <!-- HRMpack.webdriver -->
