<?xml version="1.0" encoding="UTF-8"?>
<!-- Generated by org.testng.reporters.JUnitReportReporter -->
<testsuite hostname="DESKTOP-G02Q5JM" failures="0" tests="1" name="loginpack.Login" time="19.106" errors="0" timestamp="2024-02-16T11:41:23 IST" skipped="0">
  <testcase classname="loginpack.Login" name="verifyLogin" time="19.106"/>
  <system-out/>
</testsuite> <!-- loginpack.Login -->
