<?xml version="1.0" encoding="UTF-8"?>
<!-- Generated by org.testng.reporters.JUnitReportReporter -->
<testsuite hostname="DESKTOP-G02Q5JM" failures="0" tests="1" name="pack.AddEmployee" time="1.065" errors="0" timestamp="2024-02-16T20:05:22 IST" skipped="0">
  <testcase classname="pack.AddEmployee" name="employeeDetails" time="1.065"/>
  <system-out/>
</testsuite> <!-- pack.AddEmployee -->
