<?xml version="1.0" encoding="UTF-8"?>
<!-- Generated by org.testng.reporters.JUnitReportReporter -->
<testsuite skipped="0" hostname="DESKTOP-BM0389Q" name="pack.sAMPLETEST" tests="3" failures="0" timestamp="23 Feb 2024 09:58:01 GMT" time="0.015" errors="0">
  <testcase name="display" time="0.012" classname="pack.sAMPLETEST"/>
  <testcase name="display1" time="0.002" classname="pack.sAMPLETEST"/>
  <testcase name="display2" time="0.001" classname="pack.sAMPLETEST"/>
</testsuite> <!-- pack.sAMPLETEST -->
